c:\users\simon\desktop\hochschule\semester 3\software engineering 1\hauptprojekt\hauptprojekt\hauptprojekt\debug\hauptprojekt.pch
c:\users\simon\desktop\hochschule\semester 3\software engineering 1\hauptprojekt\hauptprojekt\hauptprojekt\debug\vc141.pdb
c:\users\simon\desktop\hochschule\semester 3\software engineering 1\hauptprojekt\hauptprojekt\hauptprojekt\debug\vc141.idb
c:\users\simon\desktop\hochschule\semester 3\software engineering 1\hauptprojekt\hauptprojekt\hauptprojekt\debug\stdafx.obj
c:\users\simon\desktop\hochschule\semester 3\software engineering 1\hauptprojekt\hauptprojekt\hauptprojekt\debug\hauptprojekt.obj
c:\users\simon\desktop\hochschule\semester 3\software engineering 1\hauptprojekt\hauptprojekt\hauptprojekt\debug\cverwaltung.obj
c:\users\simon\desktop\hochschule\semester 3\software engineering 1\hauptprojekt\hauptprojekt\hauptprojekt\debug\cteil.obj
c:\users\simon\desktop\hochschule\semester 3\software engineering 1\hauptprojekt\hauptprojekt\hauptprojekt\debug\cliste.obj
c:\users\simon\desktop\hochschule\semester 3\software engineering 1\hauptprojekt\hauptprojekt\hauptprojekt\debug\clieferant.obj
c:\users\simon\desktop\hochschule\semester 3\software engineering 1\hauptprojekt\hauptprojekt\hauptprojekt\debug\cbedarf.obj
c:\users\simon\desktop\hochschule\semester 3\software engineering 1\hauptprojekt\hauptprojekt\hauptprojekt\debug\cangebot.obj
c:\users\simon\desktop\hochschule\semester 3\software engineering 1\hauptprojekt\hauptprojekt\debug\hauptprojekt.ilk
c:\users\simon\desktop\hochschule\semester 3\software engineering 1\hauptprojekt\hauptprojekt\debug\hauptprojekt.exe
c:\users\simon\desktop\hochschule\semester 3\software engineering 1\hauptprojekt\hauptprojekt\debug\hauptprojekt.pdb
c:\users\simon\desktop\hochschule\semester 3\software engineering 1\hauptprojekt\hauptprojekt\hauptprojekt\debug\hauptprojekt.tlog\cl.command.1.tlog
c:\users\simon\desktop\hochschule\semester 3\software engineering 1\hauptprojekt\hauptprojekt\hauptprojekt\debug\hauptprojekt.tlog\cl.read.1.tlog
c:\users\simon\desktop\hochschule\semester 3\software engineering 1\hauptprojekt\hauptprojekt\hauptprojekt\debug\hauptprojekt.tlog\cl.write.1.tlog
c:\users\simon\desktop\hochschule\semester 3\software engineering 1\hauptprojekt\hauptprojekt\hauptprojekt\debug\hauptprojekt.tlog\link.command.1.tlog
c:\users\simon\desktop\hochschule\semester 3\software engineering 1\hauptprojekt\hauptprojekt\hauptprojekt\debug\hauptprojekt.tlog\link.read.1.tlog
c:\users\simon\desktop\hochschule\semester 3\software engineering 1\hauptprojekt\hauptprojekt\hauptprojekt\debug\hauptprojekt.tlog\link.write.1.tlog
